# JRE version: OpenJDK Runtime Environment Temurin-21.0.11+10 (21.0.11+10) (build 21.0.11+10-LTS)
# Java VM: OpenJDK 64-Bit Server VM Temurin-21.0.11+10 (21.0.11+10-LTS, mixed mode, sharing, tiered, compressed oops, compressed class ptrs, parallel gc, windows-amd64)
GC Precious Log:
 CardTable entry size: 512
 CPUs: 8 total, 8 available
 Memory: 7941M
 Large Page Support: Disabled
 NUMA Support: Disabled
 Compressed Oops: Enabled (32-bit)
 Alignments: Space 512K, Generation 512K, Heap 2M
 Heap Min Capacity: 100M
 Heap Initial Capacity: 100M
 Heap Max Capacity: 2G
 Pre-touch: Disabled
 Parallel Workers: 8
Heap:
 PSYoungGen      total 5120K, used 1838K [0x00000000d5580000, 0x00000000d5b80000, 0x0000000100000000)
  eden space 4608K, 35% used [0x00000000d5580000,0x00000000d5713ab8,0x00000000d5a00000)
  from space 512K, 43% used [0x00000000d5b00000,0x00000000d5b38000,0x00000000d5b80000)
  to   space 512K, 0% used [0x00000000d5a00000,0x00000000d5a00000,0x00000000d5a80000)
 ParOldGen       total 746496K, used 746085K [0x0000000080000000, 0x00000000ad900000, 0x00000000d5580000)
  object space 746496K, 99% used [0x0000000080000000,0x00000000ad899458,0x00000000ad900000)
 Metaspace       used 99532K, committed 101376K, reserved 1179648K
  class space    used 9766K, committed 10624K, reserved 1048576K
GC Heap History (20 events):
Event: 295950.173 GC heap before
{Heap before GC invocations=8834 (full 18):
 PSYoungGen      total 6656K, used 6528K [0x00000000d5580000, 0x00000000d5e80000, 0x0000000100000000)
  eden space 4608K, 100% used [0x00000000d5580000,0x00000000d5a00000,0x00000000d5a00000)
  from space 2048K, 93% used [0x00000000d5c80000,0x00000000d5e60020,0x00000000d5e80000)
  to   space 2048K, 0% used [0x00000000d5a80000,0x00000000d5a80000,0x00000000d5c80000)
 ParOldGen       total 738304K, used 738299K [0x0000000080000000, 0x00000000ad100000, 0x00000000d5580000)
  object space 738304K, 99% used [0x0000000080000000,0x00000000ad0fef88,0x00000000ad100000)
 Metaspace       used 99524K, committed 101376K, reserved 1179648K
  class space    used 9766K, committed 10624K, reserved 1048576K
}
Event: 295950.180 GC heap after
{Heap after GC invocations=8834 (full 18):
 PSYoungGen      total 6144K, used 1350K [0x00000000d5580000, 0x00000000d5e00000, 0x0000000100000000)
  eden space 4608K, 0% used [0x00000000d5580000,0x00000000d5580000,0x00000000d5a00000)
  from space 1536K, 87% used [0x00000000d5a80000,0x00000000d5bd1a90,0x00000000d5c00000)
  to   space 2048K, 0% used [0x00000000d5c00000,0x00000000d5c00000,0x00000000d5e00000)
 ParOldGen       total 740352K, used 740113K [0x0000000080000000, 0x00000000ad300000, 0x00000000d5580000)
  object space 740352K, 99% used [0x0000000080000000,0x00000000ad2c47e8,0x00000000ad300000)
 Metaspace       used 99524K, committed 101376K, reserved 1179648K
  class space    used 9766K, committed 10624K, reserved 1048576K
}
Event: 295950.202 GC heap before
{Heap before GC invocations=8835 (full 18):
 PSYoungGen      total 6144K, used 5923K [0x00000000d5580000, 0x00000000d5e00000, 0x0000000100000000)
  eden space 4608K, 99% used [0x00000000d5580000,0x00000000d59f74a8,0x00000000d5a00000)
  from space 1536K, 87% used [0x00000000d5a80000,0x00000000d5bd1a90,0x00000000d5c00000)
  to   space 2048K, 0% used [0x00000000d5c00000,0x00000000d5c00000,0x00000000d5e00000)
 ParOldGen       total 740352K, used 740113K [0x0000000080000000, 0x00000000ad300000, 0x00000000d5580000)
  object space 740352K, 99% used [0x0000000080000000,0x00000000ad2c47e8,0x00000000ad300000)
 Metaspace       used 99524K, committed 101376K, reserved 1179648K
  class space    used 9766K, committed 10624K, reserved 1048576K
}
Event: 295950.208 GC heap after
{Heap after GC invocations=8835 (full 18):
 PSYoungGen      total 5120K, used 448K [0x00000000d5580000, 0x00000000d5c80000, 0x0000000100000000)
  eden space 4608K, 0% used [0x00000000d5580000,0x00000000d5580000,0x00000000d5a00000)
  from space 512K, 87% used [0x00000000d5c00000,0x00000000d5c70000,0x00000000d5c80000)
  to   space 1024K, 0% used [0x00000000d5a80000,0x00000000d5a80000,0x00000000d5b80000)
 ParOldGen       total 741376K, used 741337K [0x0000000080000000, 0x00000000ad400000, 0x00000000d5580000)
  object space 741376K, 99% used [0x0000000080000000,0x00000000ad3f6618,0x00000000ad400000)
 Metaspace       used 99524K, committed 101376K, reserved 1179648K
  class space    used 9766K, committed 10624K, reserved 1048576K
}
Event: 295950.223 GC heap before
{Heap before GC invocations=8836 (full 18):
 PSYoungGen      total 5120K, used 4988K [0x00000000d5580000, 0x00000000d5c80000, 0x0000000100000000)
  eden space 4608K, 98% used [0x00000000d5580000,0x00000000d59ef220,0x00000000d5a00000)
  from space 512K, 87% used [0x00000000d5c00000,0x00000000d5c70000,0x00000000d5c80000)
  to   space 1024K, 0% used [0x00000000d5a80000,0x00000000d5a80000,0x00000000d5b80000)
 ParOldGen       total 741376K, used 741337K [0x0000000080000000, 0x00000000ad400000, 0x00000000d5580000)
  object space 741376K, 99% used [0x0000000080000000,0x00000000ad3f6618,0x00000000ad400000)
 Metaspace       used 99524K, committed 101376K, reserved 1179648K
  class space    used 9766K, committed 10624K, reserved 1048576K
}
Event: 295950.226 GC heap after
{Heap after GC invocations=8836 (full 18):
 PSYoungGen      total 5632K, used 699K [0x00000000d5580000, 0x00000000d5c80000, 0x0000000100000000)
  eden space 4608K, 0% used [0x00000000d5580000,0x00000000d5580000,0x00000000d5a00000)
  from space 1024K, 68% used [0x00000000d5a80000,0x00000000d5b2ef58,0x00000000d5b80000)
  to   space 1024K, 0% used [0x00000000d5b80000,0x00000000d5b80000,0x00000000d5c80000)
 ParOldGen       total 741888K, used 741721K [0x0000000080000000, 0x00000000ad480000, 0x00000000d5580000)
  object space 741888K, 99% used [0x0000000080000000,0x00000000ad456628,0x00000000ad480000)
 Metaspace       used 99524K, committed 101376K, reserved 1179648K
  class space    used 9766K, committed 10624K, reserved 1048576K
}
Event: 295950.249 GC heap before
{Heap before GC invocations=8837 (full 18):
 PSYoungGen      total 5632K, used 5265K [0x00000000d5580000, 0x00000000d5c80000, 0x0000000100000000)
  eden space 4608K, 99% used [0x00000000d5580000,0x00000000d59f5838,0x00000000d5a00000)
  from space 1024K, 68% used [0x00000000d5a80000,0x00000000d5b2ef58,0x00000000d5b80000)
  to   space 1024K, 0% used [0x00000000d5b80000,0x00000000d5b80000,0x00000000d5c80000)
 ParOldGen       total 741888K, used 741721K [0x0000000080000000, 0x00000000ad480000, 0x00000000d5580000)
  object space 741888K, 99% used [0x0000000080000000,0x00000000ad456628,0x00000000ad480000)
 Metaspace       used 99524K, committed 101376K, reserved 1179648K
  class space    used 9766K, committed 10624K, reserved 1048576K
}
Event: 295950.253 GC heap after
{Heap after GC invocations=8837 (full 18):
 PSYoungGen      total 5632K, used 889K [0x00000000d5580000, 0x00000000d5c80000, 0x0000000100000000)
  eden space 4608K, 0% used [0x00000000d5580000,0x00000000d5580000,0x00000000d5a00000)
  from space 1024K, 86% used [0x00000000d5b80000,0x00000000d5c5e658,0x00000000d5c80000)
  to   space 1024K, 0% used [0x00000000d5a80000,0x00000000d5a80000,0x00000000d5b80000)
 ParOldGen       total 742400K, used 742204K [0x0000000080000000, 0x00000000ad500000, 0x00000000d5580000)
  object space 742400K, 99% used [0x0000000080000000,0x00000000ad4cf040,0x00000000ad500000)
 Metaspace       used 99524K, committed 101376K, reserved 1179648K
  class space    used 9766K, committed 10624K, reserved 1048576K
}
Event: 295950.289 GC heap before
{Heap before GC invocations=8838 (full 18):
 PSYoungGen      total 5632K, used 5387K [0x00000000d5580000, 0x00000000d5c80000, 0x0000000100000000)
  eden space 4608K, 97% used [0x00000000d5580000,0x00000000d59e4600,0x00000000d5a00000)
  from space 1024K, 86% used [0x00000000d5b80000,0x00000000d5c5e658,0x00000000d5c80000)
  to   space 1024K, 0% used [0x00000000d5a80000,0x00000000d5a80000,0x00000000d5b80000)
 ParOldGen       total 742400K, used 742204K [0x0000000080000000, 0x00000000ad500000, 0x00000000d5580000)
  object space 742400K, 99% used [0x0000000080000000,0x00000000ad4cf040,0x00000000ad500000)
 Metaspace       used 99524K, committed 101376K, reserved 1179648K
  class space    used 9766K, committed 10624K, reserved 1048576K
}
Event: 295950.293 GC heap after
{Heap after GC invocations=8838 (full 18):
 PSYoungGen      total 5632K, used 1005K [0x00000000d5580000, 0x00000000d5f00000, 0x0000000100000000)
  eden space 4608K, 0% used [0x00000000d5580000,0x00000000d5580000,0x00000000d5a00000)
  from space 1024K, 98% used [0x00000000d5a80000,0x00000000d5b7b5f0,0x00000000d5b80000)
  to   space 2560K, 0% used [0x00000000d5c80000,0x00000000d5c80000,0x00000000d5f00000)
 ParOldGen       total 743424K, used 743096K [0x0000000080000000, 0x00000000ad600000, 0x00000000d5580000)
  object space 743424K, 99% used [0x0000000080000000,0x00000000ad5ae0d8,0x00000000ad600000)
 Metaspace       used 99524K, committed 101376K, reserved 1179648K
  class space    used 9766K, committed 10624K, reserved 1048576K
}
Event: 295950.323 GC heap before
{Heap before GC invocations=8839 (full 18):
 PSYoungGen      total 5632K, used 5613K [0x00000000d5580000, 0x00000000d5f00000, 0x0000000100000000)
  eden space 4608K, 100% used [0x00000000d5580000,0x00000000d5a00000,0x00000000d5a00000)
  from space 1024K, 98% used [0x00000000d5a80000,0x00000000d5b7b5f0,0x00000000d5b80000)
  to   space 2560K, 0% used [0x00000000d5c80000,0x00000000d5c80000,0x00000000d5f00000)
 ParOldGen       total 743424K, used 743096K [0x0000000080000000, 0x00000000ad600000, 0x00000000d5580000)
  object space 743424K, 99% used [0x0000000080000000,0x00000000ad5ae0d8,0x00000000ad600000)
 Metaspace       used 99524K, committed 101376K, reserved 1179648K
  class space    used 9766K, committed 10624K, reserved 1048576K
}
Event: 295950.329 GC heap after
{Heap after GC invocations=8839 (full 18):
 PSYoungGen      total 7168K, used 2175K [0x00000000d5580000, 0x00000000d5f00000, 0x0000000100000000)
  eden space 4608K, 0% used [0x00000000d5580000,0x00000000d5580000,0x00000000d5a00000)
  from space 2560K, 84% used [0x00000000d5c80000,0x00000000d5e9fe60,0x00000000d5f00000)
  to   space 2560K, 0% used [0x00000000d5a00000,0x00000000d5a00000,0x00000000d5c80000)
 ParOldGen       total 744448K, used 743950K [0x0000000080000000, 0x00000000ad700000, 0x00000000d5580000)
  object space 744448K, 99% used [0x0000000080000000,0x00000000ad683be0,0x00000000ad700000)
 Metaspace       used 99524K, committed 101376K, reserved 1179648K
  class space    used 9766K, committed 10624K, reserved 1048576K
}
Event: 295952.266 GC heap before
{Heap before GC invocations=8840 (full 18):
 PSYoungGen      total 7168K, used 6710K [0x00000000d5580000, 0x00000000d5f00000, 0x0000000100000000)
  eden space 4608K, 98% used [0x00000000d5580000,0x00000000d59edd00,0x00000000d5a00000)
  from space 2560K, 84% used [0x00000000d5c80000,0x00000000d5e9fe60,0x00000000d5f00000)
  to   space 2560K, 0% used [0x00000000d5a00000,0x00000000d5a00000,0x00000000d5c80000)
 ParOldGen       total 744448K, used 743950K [0x0000000080000000, 0x00000000ad700000, 0x00000000d5580000)
  object space 744448K, 99% used [0x0000000080000000,0x00000000ad683be0,0x00000000ad700000)
 Metaspace       used 99524K, committed 101376K, reserved 1179648K
  class space    used 9766K, committed 10624K, reserved 1048576K
}
Event: 295952.270 GC heap after
{Heap after GC invocations=8840 (full 18):
 PSYoungGen      total 5632K, used 808K [0x00000000d5580000, 0x00000000d5d00000, 0x0000000100000000)
  eden space 4608K, 0% used [0x00000000d5580000,0x00000000d5580000,0x00000000d5a00000)
  from space 1024K, 78% used [0x00000000d5a00000,0x00000000d5aca010,0x00000000d5b00000)
  to   space 1536K, 0% used [0x00000000d5b80000,0x00000000d5b80000,0x00000000d5d00000)
 ParOldGen       total 744960K, used 744657K [0x0000000080000000, 0x00000000ad780000, 0x00000000d5580000)
  object space 744960K, 99% used [0x0000000080000000,0x00000000ad734678,0x00000000ad780000)
 Metaspace       used 99524K, committed 101376K, reserved 1179648K
  class space    used 9766K, committed 10624K, reserved 1048576K
}
Event: 295952.292 GC heap before
{Heap before GC invocations=8841 (full 18):
 PSYoungGen      total 5632K, used 5394K [0x00000000d5580000, 0x00000000d5d00000, 0x0000000100000000)
  eden space 4608K, 99% used [0x00000000d5580000,0x00000000d59faa98,0x00000000d5a00000)
  from space 1024K, 78% used [0x00000000d5a00000,0x00000000d5aca010,0x00000000d5b00000)
  to   space 1536K, 0% used [0x00000000d5b80000,0x00000000d5b80000,0x00000000d5d00000)
 ParOldGen       total 744960K, used 744657K [0x0000000080000000, 0x00000000ad780000, 0x00000000d5580000)
  object space 744960K, 99% used [0x0000000080000000,0x00000000ad734678,0x00000000ad780000)
 Metaspace       used 99524K, committed 101376K, reserved 1179648K
  class space    used 9766K, committed 10624K, reserved 1048576K
}
Event: 295952.296 GC heap after
{Heap after GC invocations=8841 (full 18):
 PSYoungGen      total 6144K, used 1399K [0x00000000d5580000, 0x00000000d5d00000, 0x0000000100000000)
  eden space 4608K, 0% used [0x00000000d5580000,0x00000000d5580000,0x00000000d5a00000)
  from space 1536K, 91% used [0x00000000d5b80000,0x00000000d5cdde40,0x00000000d5d00000)
  to   space 1536K, 0% used [0x00000000d5a00000,0x00000000d5a00000,0x00000000d5b80000)
 ParOldGen       total 745472K, used 745194K [0x0000000080000000, 0x00000000ad800000, 0x00000000d5580000)
  object space 745472K, 99% used [0x0000000080000000,0x00000000ad7baa88,0x00000000ad800000)
 Metaspace       used 99524K, committed 101376K, reserved 1179648K
  class space    used 9766K, committed 10624K, reserved 1048576K
}
Event: 295956.014 GC heap before
{Heap before GC invocations=8842 (full 18):
 PSYoungGen      total 6144K, used 6007K [0x00000000d5580000, 0x00000000d5d00000, 0x0000000100000000)
  eden space 4608K, 99% used [0x00000000d5580000,0x00000000d59ffff8,0x00000000d5a00000)
  from space 1536K, 91% used [0x00000000d5b80000,0x00000000d5cdde40,0x00000000d5d00000)
  to   space 1536K, 0% used [0x00000000d5a00000,0x00000000d5a00000,0x00000000d5b80000)
 ParOldGen       total 745472K, used 745194K [0x0000000080000000, 0x00000000ad800000, 0x00000000d5580000)
  object space 745472K, 99% used [0x0000000080000000,0x00000000ad7baa88,0x00000000ad800000)
 Metaspace       used 99524K, committed 101376K, reserved 1179648K
  class space    used 9766K, committed 10624K, reserved 1048576K
}
Event: 295956.018 GC heap after
{Heap after GC invocations=8842 (full 18):
 PSYoungGen      total 5120K, used 320K [0x00000000d5580000, 0x00000000d5c00000, 0x0000000100000000)
  eden space 4608K, 0% used [0x00000000d5580000,0x00000000d5580000,0x00000000d5a00000)
  from space 512K, 62% used [0x00000000d5a00000,0x00000000d5a50000,0x00000000d5a80000)
  to   space 1024K, 0% used [0x00000000d5b00000,0x00000000d5b00000,0x00000000d5c00000)
 ParOldGen       total 745984K, used 745901K [0x0000000080000000, 0x00000000ad880000, 0x00000000d5580000)
  object space 745984K, 99% used [0x0000000080000000,0x00000000ad86b458,0x00000000ad880000)
 Metaspace       used 99524K, committed 101376K, reserved 1179648K
  class space    used 9766K, committed 10624K, reserved 1048576K
}
Event: 295956.150 GC heap before
{Heap before GC invocations=8843 (full 18):
 PSYoungGen      total 5120K, used 4927K [0x00000000d5580000, 0x00000000d5c00000, 0x0000000100000000)
  eden space 4608K, 99% used [0x00000000d5580000,0x00000000d59fffe0,0x00000000d5a00000)
  from space 512K, 62% used [0x00000000d5a00000,0x00000000d5a50000,0x00000000d5a80000)
  to   space 1024K, 0% used [0x00000000d5b00000,0x00000000d5b00000,0x00000000d5c00000)
 ParOldGen       total 745984K, used 745901K [0x0000000080000000, 0x00000000ad880000, 0x00000000d5580000)
  object space 745984K, 99% used [0x0000000080000000,0x00000000ad86b458,0x00000000ad880000)
 Metaspace       used 99525K, committed 101376K, reserved 1179648K
  class space    used 9766K, committed 10624K, reserved 1048576K
}
Event: 295956.154 GC heap after
{Heap after GC invocations=8843 (full 18):
 PSYoungGen      total 5120K, used 224K [0x00000000d5580000, 0x00000000d5b80000, 0x0000000100000000)
  eden space 4608K, 0% used [0x00000000d5580000,0x00000000d5580000,0x00000000d5a00000)
  from space 512K, 43% used [0x00000000d5b00000,0x00000000d5b38000,0x00000000d5b80000)
  to   space 512K, 0% used [0x00000000d5a00000,0x00000000d5a00000,0x00000000d5a80000)
 ParOldGen       total 746496K, used 746085K [0x0000000080000000, 0x00000000ad900000, 0x00000000d5580000)
  object space 746496K, 99% used [0x0000000080000000,0x00000000ad899458,0x00000000ad900000)
 Metaspace       used 99525K, committed 101376K, reserved 1179648K
  class space    used 9766K, committed 10624K, reserved 1048576K
}

