# JRE version: OpenJDK Runtime Environment Temurin-21.0.11+10 (21.0.11+10) (build 21.0.11+10-LTS)
# Java VM: OpenJDK 64-Bit Server VM Temurin-21.0.11+10 (21.0.11+10-LTS, mixed mode, sharing, tiered, compressed oops, compressed class ptrs, parallel gc, windows-amd64)
GC Precious Log:
 CardTable entry size: 512
 CPUs: 8 total, 8 available
 Memory: 7941M
 Large Page Support: Disabled
 NUMA Support: Disabled
 Compressed Oops: Enabled (32-bit)
 Alignments: Space 512K, Generation 512K, Heap 2M
 Heap Min Capacity: 100M
 Heap Initial Capacity: 100M
 Heap Max Capacity: 2G
 Pre-touch: Disabled
 Parallel Workers: 8
Heap:
 PSYoungGen      total 2048K, used 864K [0x00000000d5580000, 0x00000000d5880000, 0x0000000100000000)
  eden space 1024K, 0% used [0x00000000d5580000,0x00000000d5580000,0x00000000d5680000)
  from space 1024K, 84% used [0x00000000d5780000,0x00000000d5858000,0x00000000d5880000)
  to   space 512K, 0% used [0x00000000d5700000,0x00000000d5700000,0x00000000d5780000)
 ParOldGen       total 521216K, used 415035K [0x0000000080000000, 0x000000009fd00000, 0x00000000d5580000)
  object space 521216K, 79% used [0x0000000080000000,0x000000009954edd8,0x000000009fd00000)
 Metaspace       used 74154K, committed 75712K, reserved 1179648K
  class space    used 7535K, committed 8192K, reserved 1048576K
GC Heap History (20 events):
Event: 82.274 GC heap before
{Heap before GC invocations=983 (full 4):
 PSYoungGen      total 1536K, used 1498K [0x00000000d5580000, 0x00000000d5900000, 0x0000000100000000)
  eden space 1024K, 97% used [0x00000000d5580000,0x00000000d567aaa0,0x00000000d5680000)
  from space 512K, 96% used [0x00000000d5780000,0x00000000d57fc010,0x00000000d5800000)
  to   space 1024K, 0% used [0x00000000d5680000,0x00000000d5680000,0x00000000d5780000)
 ParOldGen       total 521216K, used 409806K [0x0000000080000000, 0x000000009fd00000, 0x00000000d5580000)
  object space 521216K, 78% used [0x0000000080000000,0x0000000099033b98,0x000000009fd00000)
 Metaspace       used 74073K, committed 75584K, reserved 1179648K
  class space    used 7535K, committed 8192K, reserved 1048576K
}
Event: 82.276 GC heap after
{Heap after GC invocations=983 (full 4):
 PSYoungGen      total 2048K, used 288K [0x00000000d5580000, 0x00000000d5800000, 0x0000000100000000)
  eden space 1024K, 0% used [0x00000000d5580000,0x00000000d5580000,0x00000000d5680000)
  from space 1024K, 28% used [0x00000000d5680000,0x00000000d56c8000,0x00000000d5780000)
  to   space 512K, 0% used [0x00000000d5780000,0x00000000d5780000,0x00000000d5800000)
 ParOldGen       total 521216K, used 410006K [0x0000000080000000, 0x000000009fd00000, 0x00000000d5580000)
  object space 521216K, 78% used [0x0000000080000000,0x0000000099065b98,0x000000009fd00000)
 Metaspace       used 74073K, committed 75584K, reserved 1179648K
  class space    used 7535K, committed 8192K, reserved 1048576K
}
Event: 82.298 GC heap before
{Heap before GC invocations=984 (full 4):
 PSYoungGen      total 2048K, used 1312K [0x00000000d5580000, 0x00000000d5800000, 0x0000000100000000)
  eden space 1024K, 100% used [0x00000000d5580000,0x00000000d5680000,0x00000000d5680000)
  from space 1024K, 28% used [0x00000000d5680000,0x00000000d56c8000,0x00000000d5780000)
  to   space 512K, 0% used [0x00000000d5780000,0x00000000d5780000,0x00000000d5800000)
 ParOldGen       total 521216K, used 410006K [0x0000000080000000, 0x000000009fd00000, 0x00000000d5580000)
  object space 521216K, 78% used [0x0000000080000000,0x0000000099065b98,0x000000009fd00000)
 Metaspace       used 74073K, committed 75584K, reserved 1179648K
  class space    used 7535K, committed 8192K, reserved 1048576K
}
Event: 82.303 GC heap after
{Heap after GC invocations=984 (full 4):
 PSYoungGen      total 1536K, used 240K [0x00000000d5580000, 0x00000000d5800000, 0x0000000100000000)
  eden space 1024K, 0% used [0x00000000d5580000,0x00000000d5580000,0x00000000d5680000)
  from space 512K, 46% used [0x00000000d5780000,0x00000000d57bc010,0x00000000d5800000)
  to   space 512K, 0% used [0x00000000d5700000,0x00000000d5700000,0x00000000d5780000)
 ParOldGen       total 521216K, used 410121K [0x0000000080000000, 0x000000009fd00000, 0x00000000d5580000)
  object space 521216K, 78% used [0x0000000080000000,0x0000000099082498,0x000000009fd00000)
 Metaspace       used 74073K, committed 75584K, reserved 1179648K
  class space    used 7535K, committed 8192K, reserved 1048576K
}
Event: 82.324 GC heap before
{Heap before GC invocations=985 (full 4):
 PSYoungGen      total 1536K, used 1264K [0x00000000d5580000, 0x00000000d5800000, 0x0000000100000000)
  eden space 1024K, 100% used [0x00000000d5580000,0x00000000d5680000,0x00000000d5680000)
  from space 512K, 46% used [0x00000000d5780000,0x00000000d57bc010,0x00000000d5800000)
  to   space 512K, 0% used [0x00000000d5700000,0x00000000d5700000,0x00000000d5780000)
 ParOldGen       total 521216K, used 410121K [0x0000000080000000, 0x000000009fd00000, 0x00000000d5580000)
  object space 521216K, 78% used [0x0000000080000000,0x0000000099082498,0x000000009fd00000)
 Metaspace       used 74073K, committed 75584K, reserved 1179648K
  class space    used 7535K, committed 8192K, reserved 1048576K
}
Event: 82.327 GC heap after
{Heap after GC invocations=985 (full 4):
 PSYoungGen      total 1536K, used 480K [0x00000000d5580000, 0x00000000d5880000, 0x0000000100000000)
  eden space 1024K, 0% used [0x00000000d5580000,0x00000000d5580000,0x00000000d5680000)
  from space 512K, 93% used [0x00000000d5700000,0x00000000d5778000,0x00000000d5780000)
  to   space 1024K, 0% used [0x00000000d5780000,0x00000000d5780000,0x00000000d5880000)
 ParOldGen       total 521216K, used 410273K [0x0000000080000000, 0x000000009fd00000, 0x00000000d5580000)
  object space 521216K, 78% used [0x0000000080000000,0x00000000990a85c8,0x000000009fd00000)
 Metaspace       used 74073K, committed 75584K, reserved 1179648K
  class space    used 7535K, committed 8192K, reserved 1048576K
}
Event: 82.374 GC heap before
{Heap before GC invocations=986 (full 4):
 PSYoungGen      total 1536K, used 1504K [0x00000000d5580000, 0x00000000d5880000, 0x0000000100000000)
  eden space 1024K, 100% used [0x00000000d5580000,0x00000000d5680000,0x00000000d5680000)
  from space 512K, 93% used [0x00000000d5700000,0x00000000d5778000,0x00000000d5780000)
  to   space 1024K, 0% used [0x00000000d5780000,0x00000000d5780000,0x00000000d5880000)
 ParOldGen       total 521216K, used 410273K [0x0000000080000000, 0x000000009fd00000, 0x00000000d5580000)
  object space 521216K, 78% used [0x0000000080000000,0x00000000990a85c8,0x000000009fd00000)
 Metaspace       used 74080K, committed 75584K, reserved 1179648K
  class space    used 7535K, committed 8192K, reserved 1048576K
}
Event: 82.378 GC heap after
{Heap after GC invocations=986 (full 4):
 PSYoungGen      total 1536K, used 448K [0x00000000d5580000, 0x00000000d5800000, 0x0000000100000000)
  eden space 1024K, 0% used [0x00000000d5580000,0x00000000d5580000,0x00000000d5680000)
  from space 512K, 87% used [0x00000000d5780000,0x00000000d57f0000,0x00000000d5800000)
  to   space 512K, 0% used [0x00000000d5700000,0x00000000d5700000,0x00000000d5780000)
 ParOldGen       total 521216K, used 410649K [0x0000000080000000, 0x000000009fd00000, 0x00000000d5580000)
  object space 521216K, 78% used [0x0000000080000000,0x00000000991065e8,0x000000009fd00000)
 Metaspace       used 74080K, committed 75584K, reserved 1179648K
  class space    used 7535K, committed 8192K, reserved 1048576K
}
Event: 82.397 GC heap before
{Heap before GC invocations=987 (full 4):
 PSYoungGen      total 1536K, used 1472K [0x00000000d5580000, 0x00000000d5800000, 0x0000000100000000)
  eden space 1024K, 100% used [0x00000000d5580000,0x00000000d5680000,0x00000000d5680000)
  from space 512K, 87% used [0x00000000d5780000,0x00000000d57f0000,0x00000000d5800000)
  to   space 512K, 0% used [0x00000000d5700000,0x00000000d5700000,0x00000000d5780000)
 ParOldGen       total 521216K, used 410649K [0x0000000080000000, 0x000000009fd00000, 0x00000000d5580000)
  object space 521216K, 78% used [0x0000000080000000,0x00000000991065e8,0x000000009fd00000)
 Metaspace       used 74117K, committed 75648K, reserved 1179648K
  class space    used 7535K, committed 8192K, reserved 1048576K
}
Event: 82.399 GC heap after
{Heap after GC invocations=987 (full 4):
 PSYoungGen      total 1536K, used 512K [0x00000000d5580000, 0x00000000d5880000, 0x0000000100000000)
  eden space 1024K, 0% used [0x00000000d5580000,0x00000000d5580000,0x00000000d5680000)
  from space 512K, 100% used [0x00000000d5700000,0x00000000d5780000,0x00000000d5780000)
  to   space 1024K, 0% used [0x00000000d5780000,0x00000000d5780000,0x00000000d5880000)
 ParOldGen       total 521216K, used 411073K [0x0000000080000000, 0x000000009fd00000, 0x00000000d5580000)
  object space 521216K, 78% used [0x0000000080000000,0x00000000991705e8,0x000000009fd00000)
 Metaspace       used 74117K, committed 75648K, reserved 1179648K
  class space    used 7535K, committed 8192K, reserved 1048576K
}
Event: 82.416 GC heap before
{Heap before GC invocations=988 (full 4):
 PSYoungGen      total 1536K, used 1536K [0x00000000d5580000, 0x00000000d5880000, 0x0000000100000000)
  eden space 1024K, 100% used [0x00000000d5580000,0x00000000d5680000,0x00000000d5680000)
  from space 512K, 100% used [0x00000000d5700000,0x00000000d5780000,0x00000000d5780000)
  to   space 1024K, 0% used [0x00000000d5780000,0x00000000d5780000,0x00000000d5880000)
 ParOldGen       total 521216K, used 411073K [0x0000000080000000, 0x000000009fd00000, 0x00000000d5580000)
  object space 521216K, 78% used [0x0000000080000000,0x00000000991705e8,0x000000009fd00000)
 Metaspace       used 74129K, committed 75648K, reserved 1179648K
  class space    used 7535K, committed 8192K, reserved 1048576K
}
Event: 82.419 GC heap after
{Heap after GC invocations=988 (full 4):
 PSYoungGen      total 2048K, used 852K [0x00000000d5580000, 0x00000000d5880000, 0x0000000100000000)
  eden space 1024K, 0% used [0x00000000d5580000,0x00000000d5580000,0x00000000d5680000)
  from space 1024K, 83% used [0x00000000d5780000,0x00000000d5855200,0x00000000d5880000)
  to   space 1024K, 0% used [0x00000000d5680000,0x00000000d5680000,0x00000000d5780000)
 ParOldGen       total 521216K, used 411569K [0x0000000080000000, 0x000000009fd00000, 0x00000000d5580000)
  object space 521216K, 78% used [0x0000000080000000,0x00000000991ec5e8,0x000000009fd00000)
 Metaspace       used 74129K, committed 75648K, reserved 1179648K
  class space    used 7535K, committed 8192K, reserved 1048576K
}
Event: 82.434 GC heap before
{Heap before GC invocations=989 (full 4):
 PSYoungGen      total 2048K, used 1876K [0x00000000d5580000, 0x00000000d5880000, 0x0000000100000000)
  eden space 1024K, 100% used [0x00000000d5580000,0x00000000d5680000,0x00000000d5680000)
  from space 1024K, 83% used [0x00000000d5780000,0x00000000d5855200,0x00000000d5880000)
  to   space 1024K, 0% used [0x00000000d5680000,0x00000000d5680000,0x00000000d5780000)
 ParOldGen       total 521216K, used 411569K [0x0000000080000000, 0x000000009fd00000, 0x00000000d5580000)
  object space 521216K, 78% used [0x0000000080000000,0x00000000991ec5e8,0x000000009fd00000)
 Metaspace       used 74129K, committed 75648K, reserved 1179648K
  class space    used 7535K, committed 8192K, reserved 1048576K
}
Event: 82.437 GC heap after
{Heap after GC invocations=989 (full 4):
 PSYoungGen      total 2048K, used 224K [0x00000000d5580000, 0x00000000d5800000, 0x0000000100000000)
  eden space 1024K, 0% used [0x00000000d5580000,0x00000000d5580000,0x00000000d5680000)
  from space 1024K, 21% used [0x00000000d5680000,0x00000000d56b8000,0x00000000d5780000)
  to   space 512K, 0% used [0x00000000d5780000,0x00000000d5780000,0x00000000d5800000)
 ParOldGen       total 521216K, used 412211K [0x0000000080000000, 0x000000009fd00000, 0x00000000d5580000)
  object space 521216K, 79% used [0x0000000080000000,0x000000009928cf68,0x000000009fd00000)
 Metaspace       used 74129K, committed 75648K, reserved 1179648K
  class space    used 7535K, committed 8192K, reserved 1048576K
}
Event: 82.448 GC heap before
{Heap before GC invocations=990 (full 4):
 PSYoungGen      total 2048K, used 1248K [0x00000000d5580000, 0x00000000d5800000, 0x0000000100000000)
  eden space 1024K, 100% used [0x00000000d5580000,0x00000000d5680000,0x00000000d5680000)
  from space 1024K, 21% used [0x00000000d5680000,0x00000000d56b8000,0x00000000d5780000)
  to   space 512K, 0% used [0x00000000d5780000,0x00000000d5780000,0x00000000d5800000)
 ParOldGen       total 521216K, used 412211K [0x0000000080000000, 0x000000009fd00000, 0x00000000d5580000)
  object space 521216K, 79% used [0x0000000080000000,0x000000009928cf68,0x000000009fd00000)
 Metaspace       used 74129K, committed 75648K, reserved 1179648K
  class space    used 7535K, committed 8192K, reserved 1048576K
}
Event: 82.451 GC heap after
{Heap after GC invocations=990 (full 4):
 PSYoungGen      total 1536K, used 512K [0x00000000d5580000, 0x00000000d5880000, 0x0000000100000000)
  eden space 1024K, 0% used [0x00000000d5580000,0x00000000d5580000,0x00000000d5680000)
  from space 512K, 100% used [0x00000000d5780000,0x00000000d5800000,0x00000000d5800000)
  to   space 1024K, 0% used [0x00000000d5680000,0x00000000d5680000,0x00000000d5780000)
 ParOldGen       total 521216K, used 412353K [0x0000000080000000, 0x000000009fd00000, 0x00000000d5580000)
  object space 521216K, 79% used [0x0000000080000000,0x00000000992b07b8,0x000000009fd00000)
 Metaspace       used 74129K, committed 75648K, reserved 1179648K
  class space    used 7535K, committed 8192K, reserved 1048576K
}
Event: 82.471 GC heap before
{Heap before GC invocations=991 (full 4):
 PSYoungGen      total 1536K, used 1536K [0x00000000d5580000, 0x00000000d5880000, 0x0000000100000000)
  eden space 1024K, 100% used [0x00000000d5580000,0x00000000d5680000,0x00000000d5680000)
  from space 512K, 100% used [0x00000000d5780000,0x00000000d5800000,0x00000000d5800000)
  to   space 1024K, 0% used [0x00000000d5680000,0x00000000d5680000,0x00000000d5780000)
 ParOldGen       total 521216K, used 412353K [0x0000000080000000, 0x000000009fd00000, 0x00000000d5580000)
  object space 521216K, 79% used [0x0000000080000000,0x00000000992b07b8,0x000000009fd00000)
 Metaspace       used 74129K, committed 75648K, reserved 1179648K
  class space    used 7535K, committed 8192K, reserved 1048576K
}
Event: 82.475 GC heap after
{Heap after GC invocations=991 (full 4):
 PSYoungGen      total 2048K, used 480K [0x00000000d5580000, 0x00000000d5800000, 0x0000000100000000)
  eden space 1024K, 0% used [0x00000000d5580000,0x00000000d5580000,0x00000000d5680000)
  from space 1024K, 46% used [0x00000000d5680000,0x00000000d56f8000,0x00000000d5780000)
  to   space 512K, 0% used [0x00000000d5780000,0x00000000d5780000,0x00000000d5800000)
 ParOldGen       total 521216K, used 412761K [0x0000000080000000, 0x000000009fd00000, 0x00000000d5580000)
  object space 521216K, 79% used [0x0000000080000000,0x00000000993167b8,0x000000009fd00000)
 Metaspace       used 74129K, committed 75648K, reserved 1179648K
  class space    used 7535K, committed 8192K, reserved 1048576K
}
Event: 82.485 GC heap before
{Heap before GC invocations=992 (full 4):
 PSYoungGen      total 2048K, used 1504K [0x00000000d5580000, 0x00000000d5800000, 0x0000000100000000)
  eden space 1024K, 100% used [0x00000000d5580000,0x00000000d5680000,0x00000000d5680000)
  from space 1024K, 46% used [0x00000000d5680000,0x00000000d56f8000,0x00000000d5780000)
  to   space 512K, 0% used [0x00000000d5780000,0x00000000d5780000,0x00000000d5800000)
 ParOldGen       total 521216K, used 412761K [0x0000000080000000, 0x000000009fd00000, 0x00000000d5580000)
  object space 521216K, 79% used [0x0000000080000000,0x00000000993167b8,0x000000009fd00000)
 Metaspace       used 74154K, committed 75712K, reserved 1179648K
  class space    used 7535K, committed 8192K, reserved 1048576K
}
Event: 84.505 GC heap after
{Heap after GC invocations=992 (full 4):
 PSYoungGen      total 1536K, used 512K [0x00000000d5580000, 0x00000000d5800000, 0x0000000100000000)
  eden space 1024K, 0% used [0x00000000d5580000,0x00000000d5580000,0x00000000d5680000)
  from space 512K, 100% used [0x00000000d5780000,0x00000000d5800000,0x00000000d5800000)
  to   space 1024K, 0% used [0x00000000d5680000,0x00000000d5680000,0x00000000d5780000)
 ParOldGen       total 521216K, used 413257K [0x0000000080000000, 0x000000009fd00000, 0x00000000d5580000)
  object space 521216K, 79% used [0x0000000080000000,0x00000000993927b8,0x000000009fd00000)
 Metaspace       used 74154K, committed 75712K, reserved 1179648K
  class space    used 7535K, committed 8192K, reserved 1048576K
}

